<?xml version="1.0" encoding="UTF-8"?>
<!-- Generated by org.testng.reporters.JUnitReportReporter -->
<testsuite hostname="Girish" failures="0" tests="3" name="testCases.PlansourceTest" time="137.293" errors="0" timestamp="2025-06-18T16:50:08 IST" skipped="0">
  <testcase classname="testCases.PlansourceTest" name="do_new_enrollment_and_select_medical_plan" time="93.992"/>
  <testcase classname="testCases.PlansourceTest" name="enter_Employee_Details" time="14.853"/>
  <testcase classname="testCases.PlansourceTest" name="login_PlanSource" time="28.448"/>
</testsuite> <!-- testCases.PlansourceTest -->
