<?xml version="1.0" encoding="UTF-8"?>
<!-- Generated by org.testng.reporters.JUnitReportReporter -->
<testsuite hostname="Girish" failures="0" tests="1" name="testCases.PagesourceTest" time="2.149" errors="0" timestamp="2025-06-13T07:33:53 IST" skipped="0">
  <testcase classname="testCases.PagesourceTest" name="login_PlanSource" time="2.149"/>
</testsuite> <!-- testCases.PagesourceTest -->
